<?xml version="1.0" encoding="UTF-8"?>
<!-- Generated by org.testng.reporters.JUnitReportReporter -->
<testsuite hostname="TYSS-MF-012" name="com.basic.smoke.Script2" tests="1" failures="0" timestamp="1 Sep 2016 10:10:12 GMT" time="2.157" errors="0">
  <testcase name="test" time="2.157" classname="com.basic.smoke.Script2"/>
</testsuite> <!-- com.basic.smoke.Script2 -->
