<?xml version="1.0" encoding="UTF-8"?>
<!-- Generated by org.testng.reporters.JUnitReportReporter -->
<testsuite hostname="TYSS-MF-012" name="com.basic.smoke.Script2" tests="1" failures="0" timestamp="30 Aug 2016 11:19:11 GMT" time="0.035" errors="0">
  <testcase name="test" time="0.035" classname="com.basic.smoke.Script2"/>
</testsuite> <!-- com.basic.smoke.Script2 -->
